2025-11-20 12:21:02,043 - INFO - Before Number of Rows for Good Customer : 111930
2025-11-20 12:21:02,043 - INFO - Before Number of Rows for Bad Customer : 8070
2025-11-20 12:21:02,422 - INFO - After Number of Rows for Good Customer : 111930
2025-11-20 12:21:02,437 - INFO - After Number of Rows for Bad Customer : 111930
2025-11-20 12:21:02,437 - INFO - ==================Before scaling=============
2025-11-20 12:21:02,447 - INFO -         age_yeo_trim  NumberOfOpenCreditLinesAndLoans_yeo_trim  ...  Occupation_Od  Education_Od
28915      14.616213                                  3.614940  ...            1.0           3.0
74302      21.873762                                  2.532317  ...            4.0           0.0
158584     11.356742                                  2.192400  ...            4.0           1.0
220675     19.512809                                  4.651044  ...            2.0           1.0
40185      14.870121                                  4.630685  ...            4.0           4.0
182825     14.616213                                  4.790625  ...            4.0           1.0
210958     16.894028                                  3.336856  ...            0.0           0.0

[7 rows x 12 columns]
2025-11-20 12:21:02,501 - INFO - ==================After scaling=============
2025-11-20 12:21:02,501 - INFO - [[-0.78510152 -0.77418617 -1.1441428  ... -0.90804869  0.98633466
  -1.38373769]
 [ 0.44699017  0.69578713  0.35508292 ... -0.90804869  0.98633466
  -0.75330858]
 [-1.10231529 -0.26418059 -1.1441428  ...  1.20750493 -1.36504603
   1.13797875]
 ...
 [-1.24418374 -1.19484002 -1.1441428  ... -0.90804869  0.98633466
  -0.75330858]
 [ 0.27307954 -2.17825641 -1.1441428  ... -0.90804869  0.98633466
  -0.75330858]
 [-0.3888886   1.04714868  1.20357763 ... -0.75274664  0.98633466
   0.50754964]]
