2025-11-20 12:21:01,810 - INFO - Index(['Rented_OwnHouse', 'Occupation', 'Education', 'Gender_Male',
       'Region_East', 'Region_North', 'Region_South', 'Region_West'],
      dtype='object')
2025-11-20 12:21:01,846 - INFO -        Rented_OwnHouse   Occupation     Education  Gender_Male  Region_East  Region_North  Region_South  Region_West
117966          Rented     Self_Emp     Post-Grad          0.0          1.0           0.0           0.0          0.0
73222         Ownhouse     Officer2  Professional          1.0          0.0           0.0           0.0          1.0
17731         Ownhouse     Self_Emp      Graduate          1.0          0.0           0.0           0.0          0.0
53408         Ownhouse     Officer3     Post-Grad          0.0          0.0           1.0           0.0          0.0
98277           Rented     Self_Emp      Graduate          1.0          0.0           0.0           0.0          1.0
3919            Rented  Non-officer      Graduate          0.0          0.0           1.0           0.0          0.0
36440         Ownhouse  Non-officer  Professional          1.0          0.0           0.0           0.0          1.0
21107           Rented     Officer1     Post-Grad          0.0          1.0           0.0           0.0          0.0
115641        Ownhouse     Officer1  Professional          1.0          0.0           0.0           0.0          1.0
12712           Rented  Non-officer  Professional          1.0          0.0           0.0           0.0          1.0
2025-11-20 12:21:01,846 - INFO - Index(['Rented_OwnHouse', 'Occupation', 'Education', 'Gender_Male',
       'Region_East', 'Region_North', 'Region_South', 'Region_West'],
      dtype='object')
2025-11-20 12:21:01,855 - INFO -       Rented_OwnHouse   Occupation     Education  Gender_Male  Region_East  Region_North  Region_South  Region_West
24871        Ownhouse     Self_Emp  Professional          0.0          0.0           0.0           0.0          0.0
12186        Ownhouse     Self_Emp        Matric          1.0          0.0           0.0           1.0          0.0
22466          Rented  Non-officer      Graduate          1.0          0.0           0.0           0.0          1.0
6450         Ownhouse     Officer3     Post-Grad          0.0          0.0           1.0           0.0          0.0
15706        Ownhouse     Self_Emp        Matric          1.0          0.0           0.0           1.0          0.0
20896        Ownhouse  Non-officer  Professional          1.0          1.0           0.0           0.0          0.0
15093        Ownhouse     Self_Emp      Graduate          1.0          0.0           1.0           0.0          0.0
7996           Rented     Self_Emp     Post-Grad          0.0          0.0           0.0           0.0          1.0
13521        Ownhouse     Officer2  Professional          1.0          0.0           0.0           0.0          1.0
3769         Ownhouse  Non-officer  Professional          1.0          0.0           0.0           0.0          0.0
2025-11-20 12:21:01,855 - INFO - ================Odinal Encoding==========================
2025-11-20 12:21:01,930 - INFO - Index(['Gender_Male', 'Region_East', 'Region_North', 'Region_South',
       'Region_West', 'Rented_OwnHouse_Od', 'Occupation_Od', 'Education_Od'],
      dtype='object')
2025-11-20 12:21:01,938 - INFO -         Gender_Male  Region_East  Region_North  Region_South  Region_West  Rented_OwnHouse_Od  Occupation_Od  Education_Od
116823          1.0          0.0           0.0           1.0          0.0                 0.0            4.0           1.0
67156           1.0          1.0           0.0           0.0          0.0                 0.0            1.0           4.0
65282           1.0          0.0           0.0           0.0          0.0                 1.0            4.0           0.0
58882           1.0          0.0           0.0           0.0          0.0                 1.0            0.0           4.0
41189           1.0          0.0           1.0           0.0          0.0                 0.0            4.0           2.0
72446           0.0          0.0           1.0           0.0          0.0                 0.0            4.0           3.0
76648           1.0          0.0           0.0           0.0          0.0                 0.0            0.0           4.0
60392           1.0          0.0           1.0           0.0          0.0                 0.0            1.0           3.0
16481           1.0          1.0           0.0           0.0          0.0                 1.0            0.0           4.0
118984          1.0          0.0           0.0           0.0          1.0                 1.0            4.0           0.0
2025-11-20 12:21:01,938 - INFO - Index(['Gender_Male', 'Region_East', 'Region_North', 'Region_South',
       'Region_West', 'Rented_OwnHouse_Od', 'Occupation_Od', 'Education_Od'],
      dtype='object')
2025-11-20 12:21:01,947 - INFO -        Gender_Male  Region_East  Region_North  Region_South  Region_West  Rented_OwnHouse_Od  Occupation_Od  Education_Od
13201          1.0          0.0           0.0           0.0          0.0                 1.0            4.0           4.0
2852           1.0          0.0           0.0           0.0          0.0                 0.0            4.0           4.0
22704          1.0          0.0           0.0           0.0          0.0                 0.0            0.0           0.0
14104          0.0          0.0           1.0           0.0          0.0                 0.0            1.0           3.0
27252          1.0          0.0           0.0           0.0          0.0                 0.0            4.0           4.0
21293          1.0          1.0           0.0           0.0          0.0                 1.0            4.0           4.0
13555          0.0          1.0           0.0           0.0          0.0                 1.0            1.0           3.0
13138          0.0          0.0           0.0           0.0          0.0                 1.0            0.0           0.0
4444           1.0          0.0           1.0           0.0          0.0                 0.0            0.0           0.0
27182          1.0          0.0           0.0           0.0          1.0                 1.0            4.0           1.0
2025-11-20 12:21:01,953 - INFO - Gender_Male           0
Region_East           0
Region_North          0
Region_South          0
Region_West           0
Rented_OwnHouse_Od    0
Occupation_Od         0
Education_Od          0
dtype: int64
2025-11-20 12:21:01,953 - INFO - Gender_Male           0
Region_East           0
Region_North          0
Region_South          0
Region_West           0
Rented_OwnHouse_Od    0
Occupation_Od         0
Education_Od          0
dtype: int64
